The target system is: Generic - 1 - 
The host system is: Linux - 6.1.9-1-MANJARO - x86_64
Compiling the C compiler identification source file "CMakeCCompilerId.c" succeeded.
Compiler: /usr/bin/arm-none-eabi-gcc 
Build flags: 
Id flags: -c 

The output was:
0


Compilation of the C compiler identification source "CMakeCCompilerId.c" produced "CMakeCCompilerId.o"

The C compiler identification is GNU, found in "/home/zychlix/MiaCanNyaa/cmake-build-debug/CMakeFiles/3.25.2/CompilerIdC/CMakeCCompilerId.o"

Compiling the CXX compiler identification source file "CMakeCXXCompilerId.cpp" succeeded.
Compiler: /usr/bin/arm-none-eabi-g++ 
Build flags: 
Id flags: -c 

The output was:
0


Compilation of the CXX compiler identification source "CMakeCXXCompilerId.cpp" produced "CMakeCXXCompilerId.o"

The CXX compiler identification is GNU, found in "/home/zychlix/MiaCanNyaa/cmake-build-debug/CMakeFiles/3.25.2/CompilerIdCXX/CMakeCXXCompilerId.o"

Checking whether the ASM compiler is GNU using "--version" matched "(GNU assembler)|(GCC)|(Free Software Foundation)":
arm-none-eabi-gcc (Arm GNU Toolchain 12.2.Rel1 (Build arm-12.24)) 12.2.1 20221205
Copyright (C) 2022 Free Software Foundation, Inc.
This is free software; see the source for copying conditions.  There is NO
warranty; not even for MERCHANTABILITY or FITNESS FOR A PARTICULAR PURPOSE.

Detecting C compiler ABI info compiled with the following output:
Change Dir: /home/zychlix/MiaCanNyaa/cmake-build-debug/CMakeFiles/CMakeScratch/TryCompile-rhnKz3

Run Build Command(s):/usr/bin/make -f Makefile cmTC_75bcf/fast && /usr/bin/make  -f CMakeFiles/cmTC_75bcf.dir/build.make CMakeFiles/cmTC_75bcf.dir/build
make[1]: Entering directory '/home/zychlix/MiaCanNyaa/cmake-build-debug/CMakeFiles/CMakeScratch/TryCompile-rhnKz3'
Building C object CMakeFiles/cmTC_75bcf.dir/CMakeCCompilerABI.c.obj
/usr/bin/arm-none-eabi-gcc   -fdiagnostics-color=always   -v -o CMakeFiles/cmTC_75bcf.dir/CMakeCCompilerABI.c.obj -c /usr/share/cmake/Modules/CMakeCCompilerABI.c
Using built-in specs.
COLLECT_GCC=/usr/bin/arm-none-eabi-gcc
Target: arm-none-eabi
Configured with: /data/jenkins/workspace/GNU-toolchain/arm-12/src/gcc/configure --target=arm-none-eabi --prefix=/data/jenkins/workspace/GNU-toolchain/arm-12/build-arm-none-eabi/install --with-gmp=/data/jenkins/workspace/GNU-toolchain/arm-12/build-arm-none-eabi/host-tools --with-mpfr=/data/jenkins/workspace/GNU-toolchain/arm-12/build-arm-none-eabi/host-tools --with-mpc=/data/jenkins/workspace/GNU-toolchain/arm-12/build-arm-none-eabi/host-tools --with-isl=/data/jenkins/workspace/GNU-toolchain/arm-12/build-arm-none-eabi/host-tools --disable-shared --disable-nls --disable-threads --disable-tls --enable-checking=release --enable-languages=c,c++,fortran --with-newlib --with-gnu-as --with-gnu-ld --with-sysroot=/data/jenkins/workspace/GNU-toolchain/arm-12/build-arm-none-eabi/install/arm-none-eabi --with-multilib-list=aprofile,rmprofile --with-pkgversion='Arm GNU Toolchain 12.2.Rel1 (Build arm-12.24)' --with-bugurl=https://bugs.linaro.org/
Thread model: single
Supported LTO compression algorithms: zlib
gcc version 12.2.1 20221205 (Arm GNU Toolchain 12.2.Rel1 (Build arm-12.24)) 
COLLECT_GCC_OPTIONS='-fdiagnostics-color=always' '-v' '-o' 'CMakeFiles/cmTC_75bcf.dir/CMakeCCompilerABI.c.obj' '-c' '-mcpu=arm7tdmi' '-mfloat-abi=soft' '-marm' '-mlibarch=armv4t' '-march=armv4t' '-dumpdir' 'CMakeFiles/cmTC_75bcf.dir/'
 /usr/bin/../libexec/gcc/arm-none-eabi/12.2.1/cc1 -quiet -v -iprefix /usr/bin/../lib/gcc/arm-none-eabi/12.2.1/ -isysroot /usr/bin/../arm-none-eabi -D__USES_INITFINI__ /usr/share/cmake/Modules/CMakeCCompilerABI.c -quiet -dumpdir CMakeFiles/cmTC_75bcf.dir/ -dumpbase CMakeCCompilerABI.c.c -dumpbase-ext .c -mcpu=arm7tdmi -mfloat-abi=soft -marm -mlibarch=armv4t -march=armv4t -version -fdiagnostics-color=always -o /tmp/ccBJbpuv.s
GNU C17 (Arm GNU Toolchain 12.2.Rel1 (Build arm-12.24)) version 12.2.1 20221205 (arm-none-eabi)
	compiled by GNU C version 4.8.5 20150623 (Red Hat 4.8.5-44), GMP version 6.2.1, MPFR version 3.1.6, MPC version 1.0.3, isl version isl-0.15-1-g835ea3a-GMP

GGC heuristics: --param ggc-min-expand=100 --param ggc-min-heapsize=131072
ignoring duplicate directory "/usr/bin/../lib/gcc/../../lib/gcc/arm-none-eabi/12.2.1/include"
ignoring nonexistent directory "/usr/bin/../arm-none-eabi/usr/local/include"
ignoring duplicate directory "/usr/bin/../lib/gcc/../../lib/gcc/arm-none-eabi/12.2.1/include-fixed"
ignoring duplicate directory "/usr/bin/../lib/gcc/../../lib/gcc/arm-none-eabi/12.2.1/../../../../arm-none-eabi/include"
ignoring nonexistent directory "/usr/bin/../arm-none-eabi/usr/include"
#include "..." search starts here:
#include <...> search starts here:
 /usr/bin/../lib/gcc/arm-none-eabi/12.2.1/include
 /usr/bin/../lib/gcc/arm-none-eabi/12.2.1/include-fixed
 /usr/bin/../lib/gcc/arm-none-eabi/12.2.1/../../../../arm-none-eabi/include
End of search list.
GNU C17 (Arm GNU Toolchain 12.2.Rel1 (Build arm-12.24)) version 12.2.1 20221205 (arm-none-eabi)
	compiled by GNU C version 4.8.5 20150623 (Red Hat 4.8.5-44), GMP version 6.2.1, MPFR version 3.1.6, MPC version 1.0.3, isl version isl-0.15-1-g835ea3a-GMP

GGC heuristics: --param ggc-min-expand=100 --param ggc-min-heapsize=131072
Compiler executable checksum: f168295002905d7c051350240df03ac6
COLLECT_GCC_OPTIONS='-fdiagnostics-color=always' '-v' '-o' 'CMakeFiles/cmTC_75bcf.dir/CMakeCCompilerABI.c.obj' '-c' '-mcpu=arm7tdmi' '-mfloat-abi=soft' '-marm' '-mlibarch=armv4t' '-march=armv4t' '-dumpdir' 'CMakeFiles/cmTC_75bcf.dir/'
 /usr/bin/../lib/gcc/arm-none-eabi/12.2.1/../../../../arm-none-eabi/bin/as -v -march=armv4t -mfloat-abi=soft -meabi=5 -o CMakeFiles/cmTC_75bcf.dir/CMakeCCompilerABI.c.obj /tmp/ccBJbpuv.s
GNU assembler version 2.39.0 (arm-none-eabi) using BFD version (Arm GNU Toolchain 12.2.Rel1 (Build arm-12.24)) 2.39.0.20221210
COMPILER_PATH=/usr/bin/../libexec/gcc/arm-none-eabi/12.2.1/:/usr/bin/../libexec/gcc/:/usr/bin/../lib/gcc/arm-none-eabi/12.2.1/../../../../arm-none-eabi/bin/
LIBRARY_PATH=/usr/bin/../lib/gcc/arm-none-eabi/12.2.1/:/usr/bin/../lib/gcc/:/usr/bin/../lib/gcc/arm-none-eabi/12.2.1/../../../../arm-none-eabi/lib/:/usr/bin/../arm-none-eabi/lib/
COLLECT_GCC_OPTIONS='-fdiagnostics-color=always' '-v' '-o' 'CMakeFiles/cmTC_75bcf.dir/CMakeCCompilerABI.c.obj' '-c' '-mcpu=arm7tdmi' '-mfloat-abi=soft' '-marm' '-mlibarch=armv4t' '-march=armv4t' '-dumpdir' 'CMakeFiles/cmTC_75bcf.dir/CMakeCCompilerABI.c.'
Linking C static library libcmTC_75bcf.a
/usr/bin/cmake -P CMakeFiles/cmTC_75bcf.dir/cmake_clean_target.cmake
/usr/bin/cmake -E cmake_link_script CMakeFiles/cmTC_75bcf.dir/link.txt --verbose=1
arm-none-eabi-ar qc libcmTC_75bcf.a CMakeFiles/cmTC_75bcf.dir/CMakeCCompilerABI.c.obj
/usr/bin/arm-none-eabi-ranlib libcmTC_75bcf.a
make[1]: Leaving directory '/home/zychlix/MiaCanNyaa/cmake-build-debug/CMakeFiles/CMakeScratch/TryCompile-rhnKz3'



Parsed C implicit include dir info from above output: rv=done
  found start of include info
  found start of implicit include info
    add: [/usr/bin/../lib/gcc/arm-none-eabi/12.2.1/include]
    add: [/usr/bin/../lib/gcc/arm-none-eabi/12.2.1/include-fixed]
    add: [/usr/bin/../lib/gcc/arm-none-eabi/12.2.1/../../../../arm-none-eabi/include]
  end of search list found
  collapse include dir [/usr/bin/../lib/gcc/arm-none-eabi/12.2.1/include] ==> [/usr/lib/gcc/arm-none-eabi/12.2.1/include]
  collapse include dir [/usr/bin/../lib/gcc/arm-none-eabi/12.2.1/include-fixed] ==> [/usr/lib/gcc/arm-none-eabi/12.2.1/include-fixed]
  collapse include dir [/usr/bin/../lib/gcc/arm-none-eabi/12.2.1/../../../../arm-none-eabi/include] ==> [/usr/arm-none-eabi/include]
  implicit include dirs: [/usr/lib/gcc/arm-none-eabi/12.2.1/include;/usr/lib/gcc/arm-none-eabi/12.2.1/include-fixed;/usr/arm-none-eabi/include]


Parsed C implicit link information from above output:
  link line regex: [^( *|.*[/\])(arm-none-eabi-ld|CMAKE_LINK_STARTFILE-NOTFOUND|([^/\]+-)?ld|collect2)[^/\]*( |$)]
  ignore line: [Change Dir: /home/zychlix/MiaCanNyaa/cmake-build-debug/CMakeFiles/CMakeScratch/TryCompile-rhnKz3]
  ignore line: []
  ignore line: [Run Build Command(s):/usr/bin/make -f Makefile cmTC_75bcf/fast && /usr/bin/make  -f CMakeFiles/cmTC_75bcf.dir/build.make CMakeFiles/cmTC_75bcf.dir/build]
  ignore line: [make[1]: Entering directory '/home/zychlix/MiaCanNyaa/cmake-build-debug/CMakeFiles/CMakeScratch/TryCompile-rhnKz3']
  ignore line: [Building C object CMakeFiles/cmTC_75bcf.dir/CMakeCCompilerABI.c.obj]
  ignore line: [/usr/bin/arm-none-eabi-gcc   -fdiagnostics-color=always   -v -o CMakeFiles/cmTC_75bcf.dir/CMakeCCompilerABI.c.obj -c /usr/share/cmake/Modules/CMakeCCompilerABI.c]
  ignore line: [Using built-in specs.]
  ignore line: [COLLECT_GCC=/usr/bin/arm-none-eabi-gcc]
  ignore line: [Target: arm-none-eabi]
  ignore line: [Configured with: /data/jenkins/workspace/GNU-toolchain/arm-12/src/gcc/configure --target=arm-none-eabi --prefix=/data/jenkins/workspace/GNU-toolchain/arm-12/build-arm-none-eabi/install --with-gmp=/data/jenkins/workspace/GNU-toolchain/arm-12/build-arm-none-eabi/host-tools --with-mpfr=/data/jenkins/workspace/GNU-toolchain/arm-12/build-arm-none-eabi/host-tools --with-mpc=/data/jenkins/workspace/GNU-toolchain/arm-12/build-arm-none-eabi/host-tools --with-isl=/data/jenkins/workspace/GNU-toolchain/arm-12/build-arm-none-eabi/host-tools --disable-shared --disable-nls --disable-threads --disable-tls --enable-checking=release --enable-languages=c,c++,fortran --with-newlib --with-gnu-as --with-gnu-ld --with-sysroot=/data/jenkins/workspace/GNU-toolchain/arm-12/build-arm-none-eabi/install/arm-none-eabi --with-multilib-list=aprofile,rmprofile --with-pkgversion='Arm GNU Toolchain 12.2.Rel1 (Build arm-12.24)' --with-bugurl=https://bugs.linaro.org/]
  ignore line: [Thread model: single]
  ignore line: [Supported LTO compression algorithms: zlib]
  ignore line: [gcc version 12.2.1 20221205 (Arm GNU Toolchain 12.2.Rel1 (Build arm-12.24)) ]
  ignore line: [COLLECT_GCC_OPTIONS='-fdiagnostics-color=always' '-v' '-o' 'CMakeFiles/cmTC_75bcf.dir/CMakeCCompilerABI.c.obj' '-c' '-mcpu=arm7tdmi' '-mfloat-abi=soft' '-marm' '-mlibarch=armv4t' '-march=armv4t' '-dumpdir' 'CMakeFiles/cmTC_75bcf.dir/']
  ignore line: [ /usr/bin/../libexec/gcc/arm-none-eabi/12.2.1/cc1 -quiet -v -iprefix /usr/bin/../lib/gcc/arm-none-eabi/12.2.1/ -isysroot /usr/bin/../arm-none-eabi -D__USES_INITFINI__ /usr/share/cmake/Modules/CMakeCCompilerABI.c -quiet -dumpdir CMakeFiles/cmTC_75bcf.dir/ -dumpbase CMakeCCompilerABI.c.c -dumpbase-ext .c -mcpu=arm7tdmi -mfloat-abi=soft -marm -mlibarch=armv4t -march=armv4t -version -fdiagnostics-color=always -o /tmp/ccBJbpuv.s]
  ignore line: [GNU C17 (Arm GNU Toolchain 12.2.Rel1 (Build arm-12.24)) version 12.2.1 20221205 (arm-none-eabi)]
  ignore line: [	compiled by GNU C version 4.8.5 20150623 (Red Hat 4.8.5-44)  GMP version 6.2.1  MPFR version 3.1.6  MPC version 1.0.3  isl version isl-0.15-1-g835ea3a-GMP]
  ignore line: []
  ignore line: [GGC heuristics: --param ggc-min-expand=100 --param ggc-min-heapsize=131072]
  ignore line: [ignoring duplicate directory "/usr/bin/../lib/gcc/../../lib/gcc/arm-none-eabi/12.2.1/include"]
  ignore line: [ignoring nonexistent directory "/usr/bin/../arm-none-eabi/usr/local/include"]
  ignore line: [ignoring duplicate directory "/usr/bin/../lib/gcc/../../lib/gcc/arm-none-eabi/12.2.1/include-fixed"]
  ignore line: [ignoring duplicate directory "/usr/bin/../lib/gcc/../../lib/gcc/arm-none-eabi/12.2.1/../../../../arm-none-eabi/include"]
  ignore line: [ignoring nonexistent directory "/usr/bin/../arm-none-eabi/usr/include"]
  ignore line: [#include "..." search starts here:]
  ignore line: [#include <...> search starts here:]
  ignore line: [ /usr/bin/../lib/gcc/arm-none-eabi/12.2.1/include]
  ignore line: [ /usr/bin/../lib/gcc/arm-none-eabi/12.2.1/include-fixed]
  ignore line: [ /usr/bin/../lib/gcc/arm-none-eabi/12.2.1/../../../../arm-none-eabi/include]
  ignore line: [End of search list.]
  ignore line: [GNU C17 (Arm GNU Toolchain 12.2.Rel1 (Build arm-12.24)) version 12.2.1 20221205 (arm-none-eabi)]
  ignore line: [	compiled by GNU C version 4.8.5 20150623 (Red Hat 4.8.5-44)  GMP version 6.2.1  MPFR version 3.1.6  MPC version 1.0.3  isl version isl-0.15-1-g835ea3a-GMP]
  ignore line: []
  ignore line: [GGC heuristics: --param ggc-min-expand=100 --param ggc-min-heapsize=131072]
  ignore line: [Compiler executable checksum: f168295002905d7c051350240df03ac6]
  ignore line: [COLLECT_GCC_OPTIONS='-fdiagnostics-color=always' '-v' '-o' 'CMakeFiles/cmTC_75bcf.dir/CMakeCCompilerABI.c.obj' '-c' '-mcpu=arm7tdmi' '-mfloat-abi=soft' '-marm' '-mlibarch=armv4t' '-march=armv4t' '-dumpdir' 'CMakeFiles/cmTC_75bcf.dir/']
  ignore line: [ /usr/bin/../lib/gcc/arm-none-eabi/12.2.1/../../../../arm-none-eabi/bin/as -v -march=armv4t -mfloat-abi=soft -meabi=5 -o CMakeFiles/cmTC_75bcf.dir/CMakeCCompilerABI.c.obj /tmp/ccBJbpuv.s]
  ignore line: [GNU assembler version 2.39.0 (arm-none-eabi) using BFD version (Arm GNU Toolchain 12.2.Rel1 (Build arm-12.24)) 2.39.0.20221210]
  ignore line: [COMPILER_PATH=/usr/bin/../libexec/gcc/arm-none-eabi/12.2.1/:/usr/bin/../libexec/gcc/:/usr/bin/../lib/gcc/arm-none-eabi/12.2.1/../../../../arm-none-eabi/bin/]
  ignore line: [LIBRARY_PATH=/usr/bin/../lib/gcc/arm-none-eabi/12.2.1/:/usr/bin/../lib/gcc/:/usr/bin/../lib/gcc/arm-none-eabi/12.2.1/../../../../arm-none-eabi/lib/:/usr/bin/../arm-none-eabi/lib/]
  ignore line: [COLLECT_GCC_OPTIONS='-fdiagnostics-color=always' '-v' '-o' 'CMakeFiles/cmTC_75bcf.dir/CMakeCCompilerABI.c.obj' '-c' '-mcpu=arm7tdmi' '-mfloat-abi=soft' '-marm' '-mlibarch=armv4t' '-march=armv4t' '-dumpdir' 'CMakeFiles/cmTC_75bcf.dir/CMakeCCompilerABI.c.']
  ignore line: [Linking C static library libcmTC_75bcf.a]
  ignore line: [/usr/bin/cmake -P CMakeFiles/cmTC_75bcf.dir/cmake_clean_target.cmake]
  ignore line: [/usr/bin/cmake -E cmake_link_script CMakeFiles/cmTC_75bcf.dir/link.txt --verbose=1]
  ignore line: [arm-none-eabi-ar qc libcmTC_75bcf.a CMakeFiles/cmTC_75bcf.dir/CMakeCCompilerABI.c.obj]
  ignore line: [/usr/bin/arm-none-eabi-ranlib libcmTC_75bcf.a]
  ignore line: [make[1]: Leaving directory '/home/zychlix/MiaCanNyaa/cmake-build-debug/CMakeFiles/CMakeScratch/TryCompile-rhnKz3']
  ignore line: []
  ignore line: []
  implicit libs: []
  implicit objs: []
  implicit dirs: []
  implicit fwks: []


Detecting CXX compiler ABI info compiled with the following output:
Change Dir: /home/zychlix/MiaCanNyaa/cmake-build-debug/CMakeFiles/CMakeScratch/TryCompile-KBoJgW

Run Build Command(s):/usr/bin/make -f Makefile cmTC_cac71/fast && /usr/bin/make  -f CMakeFiles/cmTC_cac71.dir/build.make CMakeFiles/cmTC_cac71.dir/build
make[1]: Entering directory '/home/zychlix/MiaCanNyaa/cmake-build-debug/CMakeFiles/CMakeScratch/TryCompile-KBoJgW'
Building CXX object CMakeFiles/cmTC_cac71.dir/CMakeCXXCompilerABI.cpp.obj
/usr/bin/arm-none-eabi-g++   -fdiagnostics-color=always   -v -o CMakeFiles/cmTC_cac71.dir/CMakeCXXCompilerABI.cpp.obj -c /usr/share/cmake/Modules/CMakeCXXCompilerABI.cpp
Using built-in specs.
COLLECT_GCC=/usr/bin/arm-none-eabi-g++
Target: arm-none-eabi
Configured with: /data/jenkins/workspace/GNU-toolchain/arm-12/src/gcc/configure --target=arm-none-eabi --prefix=/data/jenkins/workspace/GNU-toolchain/arm-12/build-arm-none-eabi/install --with-gmp=/data/jenkins/workspace/GNU-toolchain/arm-12/build-arm-none-eabi/host-tools --with-mpfr=/data/jenkins/workspace/GNU-toolchain/arm-12/build-arm-none-eabi/host-tools --with-mpc=/data/jenkins/workspace/GNU-toolchain/arm-12/build-arm-none-eabi/host-tools --with-isl=/data/jenkins/workspace/GNU-toolchain/arm-12/build-arm-none-eabi/host-tools --disable-shared --disable-nls --disable-threads --disable-tls --enable-checking=release --enable-languages=c,c++,fortran --with-newlib --with-gnu-as --with-gnu-ld --with-sysroot=/data/jenkins/workspace/GNU-toolchain/arm-12/build-arm-none-eabi/install/arm-none-eabi --with-multilib-list=aprofile,rmprofile --with-pkgversion='Arm GNU Toolchain 12.2.Rel1 (Build arm-12.24)' --with-bugurl=https://bugs.linaro.org/
Thread model: single
Supported LTO compression algorithms: zlib
gcc version 12.2.1 20221205 (Arm GNU Toolchain 12.2.Rel1 (Build arm-12.24)) 
COLLECT_GCC_OPTIONS='-fdiagnostics-color=always' '-v' '-o' 'CMakeFiles/cmTC_cac71.dir/CMakeCXXCompilerABI.cpp.obj' '-c' '-mcpu=arm7tdmi' '-mfloat-abi=soft' '-marm' '-mlibarch=armv4t' '-march=armv4t' '-dumpdir' 'CMakeFiles/cmTC_cac71.dir/'
 /usr/bin/../libexec/gcc/arm-none-eabi/12.2.1/cc1plus -quiet -v -iprefix /usr/bin/../lib/gcc/arm-none-eabi/12.2.1/ -isysroot /usr/bin/../arm-none-eabi -D__USES_INITFINI__ /usr/share/cmake/Modules/CMakeCXXCompilerABI.cpp -quiet -dumpdir CMakeFiles/cmTC_cac71.dir/ -dumpbase CMakeCXXCompilerABI.cpp.cpp -dumpbase-ext .cpp -mcpu=arm7tdmi -mfloat-abi=soft -marm -mlibarch=armv4t -march=armv4t -version -fdiagnostics-color=always -o /tmp/cc9LfFyw.s
GNU C++17 (Arm GNU Toolchain 12.2.Rel1 (Build arm-12.24)) version 12.2.1 20221205 (arm-none-eabi)
	compiled by GNU C version 4.8.5 20150623 (Red Hat 4.8.5-44), GMP version 6.2.1, MPFR version 3.1.6, MPC version 1.0.3, isl version isl-0.15-1-g835ea3a-GMP

GGC heuristics: --param ggc-min-expand=100 --param ggc-min-heapsize=131072
ignoring duplicate directory "/usr/bin/../lib/gcc/../../lib/gcc/arm-none-eabi/12.2.1/../../../../arm-none-eabi/include/c++/12.2.1"
ignoring duplicate directory "/usr/bin/../lib/gcc/../../lib/gcc/arm-none-eabi/12.2.1/../../../../arm-none-eabi/include/c++/12.2.1/arm-none-eabi"
ignoring duplicate directory "/usr/bin/../lib/gcc/../../lib/gcc/arm-none-eabi/12.2.1/../../../../arm-none-eabi/include/c++/12.2.1/backward"
ignoring duplicate directory "/usr/bin/../lib/gcc/../../lib/gcc/arm-none-eabi/12.2.1/include"
ignoring nonexistent directory "/usr/bin/../arm-none-eabi/usr/local/include"
ignoring duplicate directory "/usr/bin/../lib/gcc/../../lib/gcc/arm-none-eabi/12.2.1/include-fixed"
ignoring duplicate directory "/usr/bin/../lib/gcc/../../lib/gcc/arm-none-eabi/12.2.1/../../../../arm-none-eabi/include"
ignoring nonexistent directory "/usr/bin/../arm-none-eabi/usr/include"
#include "..." search starts here:
#include <...> search starts here:
 /usr/bin/../lib/gcc/arm-none-eabi/12.2.1/../../../../arm-none-eabi/include/c++/12.2.1
 /usr/bin/../lib/gcc/arm-none-eabi/12.2.1/../../../../arm-none-eabi/include/c++/12.2.1/arm-none-eabi
 /usr/bin/../lib/gcc/arm-none-eabi/12.2.1/../../../../arm-none-eabi/include/c++/12.2.1/backward
 /usr/bin/../lib/gcc/arm-none-eabi/12.2.1/include
 /usr/bin/../lib/gcc/arm-none-eabi/12.2.1/include-fixed
 /usr/bin/../lib/gcc/arm-none-eabi/12.2.1/../../../../arm-none-eabi/include
End of search list.
GNU C++17 (Arm GNU Toolchain 12.2.Rel1 (Build arm-12.24)) version 12.2.1 20221205 (arm-none-eabi)
	compiled by GNU C version 4.8.5 20150623 (Red Hat 4.8.5-44), GMP version 6.2.1, MPFR version 3.1.6, MPC version 1.0.3, isl version isl-0.15-1-g835ea3a-GMP

GGC heuristics: --param ggc-min-expand=100 --param ggc-min-heapsize=131072
Compiler executable checksum: 1739522f0a9e455162f7f995fd318a21
COLLECT_GCC_OPTIONS='-fdiagnostics-color=always' '-v' '-o' 'CMakeFiles/cmTC_cac71.dir/CMakeCXXCompilerABI.cpp.obj' '-c' '-mcpu=arm7tdmi' '-mfloat-abi=soft' '-marm' '-mlibarch=armv4t' '-march=armv4t' '-dumpdir' 'CMakeFiles/cmTC_cac71.dir/'
 /usr/bin/../lib/gcc/arm-none-eabi/12.2.1/../../../../arm-none-eabi/bin/as -v -march=armv4t -mfloat-abi=soft -meabi=5 -o CMakeFiles/cmTC_cac71.dir/CMakeCXXCompilerABI.cpp.obj /tmp/cc9LfFyw.s
GNU assembler version 2.39.0 (arm-none-eabi) using BFD version (Arm GNU Toolchain 12.2.Rel1 (Build arm-12.24)) 2.39.0.20221210
COMPILER_PATH=/usr/bin/../libexec/gcc/arm-none-eabi/12.2.1/:/usr/bin/../libexec/gcc/:/usr/bin/../lib/gcc/arm-none-eabi/12.2.1/../../../../arm-none-eabi/bin/
LIBRARY_PATH=/usr/bin/../lib/gcc/arm-none-eabi/12.2.1/:/usr/bin/../lib/gcc/:/usr/bin/../lib/gcc/arm-none-eabi/12.2.1/../../../../arm-none-eabi/lib/:/usr/bin/../arm-none-eabi/lib/
COLLECT_GCC_OPTIONS='-fdiagnostics-color=always' '-v' '-o' 'CMakeFiles/cmTC_cac71.dir/CMakeCXXCompilerABI.cpp.obj' '-c' '-mcpu=arm7tdmi' '-mfloat-abi=soft' '-marm' '-mlibarch=armv4t' '-march=armv4t' '-dumpdir' 'CMakeFiles/cmTC_cac71.dir/CMakeCXXCompilerABI.cpp.'
Linking CXX static library libcmTC_cac71.a
/usr/bin/cmake -P CMakeFiles/cmTC_cac71.dir/cmake_clean_target.cmake
/usr/bin/cmake -E cmake_link_script CMakeFiles/cmTC_cac71.dir/link.txt --verbose=1
arm-none-eabi-ar qc libcmTC_cac71.a CMakeFiles/cmTC_cac71.dir/CMakeCXXCompilerABI.cpp.obj
/usr/bin/arm-none-eabi-ranlib libcmTC_cac71.a
make[1]: Leaving directory '/home/zychlix/MiaCanNyaa/cmake-build-debug/CMakeFiles/CMakeScratch/TryCompile-KBoJgW'



Parsed CXX implicit include dir info from above output: rv=done
  found start of include info
  found start of implicit include info
    add: [/usr/bin/../lib/gcc/arm-none-eabi/12.2.1/../../../../arm-none-eabi/include/c++/12.2.1]
    add: [/usr/bin/../lib/gcc/arm-none-eabi/12.2.1/../../../../arm-none-eabi/include/c++/12.2.1/arm-none-eabi]
    add: [/usr/bin/../lib/gcc/arm-none-eabi/12.2.1/../../../../arm-none-eabi/include/c++/12.2.1/backward]
    add: [/usr/bin/../lib/gcc/arm-none-eabi/12.2.1/include]
    add: [/usr/bin/../lib/gcc/arm-none-eabi/12.2.1/include-fixed]
    add: [/usr/bin/../lib/gcc/arm-none-eabi/12.2.1/../../../../arm-none-eabi/include]
  end of search list found
  collapse include dir [/usr/bin/../lib/gcc/arm-none-eabi/12.2.1/../../../../arm-none-eabi/include/c++/12.2.1] ==> [/usr/arm-none-eabi/include/c++/12.2.1]
  collapse include dir [/usr/bin/../lib/gcc/arm-none-eabi/12.2.1/../../../../arm-none-eabi/include/c++/12.2.1/arm-none-eabi] ==> [/usr/arm-none-eabi/include/c++/12.2.1/arm-none-eabi]
  collapse include dir [/usr/bin/../lib/gcc/arm-none-eabi/12.2.1/../../../../arm-none-eabi/include/c++/12.2.1/backward] ==> [/usr/arm-none-eabi/include/c++/12.2.1/backward]
  collapse include dir [/usr/bin/../lib/gcc/arm-none-eabi/12.2.1/include] ==> [/usr/lib/gcc/arm-none-eabi/12.2.1/include]
  collapse include dir [/usr/bin/../lib/gcc/arm-none-eabi/12.2.1/include-fixed] ==> [/usr/lib/gcc/arm-none-eabi/12.2.1/include-fixed]
  collapse include dir [/usr/bin/../lib/gcc/arm-none-eabi/12.2.1/../../../../arm-none-eabi/include] ==> [/usr/arm-none-eabi/include]
  implicit include dirs: [/usr/arm-none-eabi/include/c++/12.2.1;/usr/arm-none-eabi/include/c++/12.2.1/arm-none-eabi;/usr/arm-none-eabi/include/c++/12.2.1/backward;/usr/lib/gcc/arm-none-eabi/12.2.1/include;/usr/lib/gcc/arm-none-eabi/12.2.1/include-fixed;/usr/arm-none-eabi/include]


Parsed CXX implicit link information from above output:
  link line regex: [^( *|.*[/\])(arm-none-eabi-ld|CMAKE_LINK_STARTFILE-NOTFOUND|([^/\]+-)?ld|collect2)[^/\]*( |$)]
  ignore line: [Change Dir: /home/zychlix/MiaCanNyaa/cmake-build-debug/CMakeFiles/CMakeScratch/TryCompile-KBoJgW]
  ignore line: []
  ignore line: [Run Build Command(s):/usr/bin/make -f Makefile cmTC_cac71/fast && /usr/bin/make  -f CMakeFiles/cmTC_cac71.dir/build.make CMakeFiles/cmTC_cac71.dir/build]
  ignore line: [make[1]: Entering directory '/home/zychlix/MiaCanNyaa/cmake-build-debug/CMakeFiles/CMakeScratch/TryCompile-KBoJgW']
  ignore line: [Building CXX object CMakeFiles/cmTC_cac71.dir/CMakeCXXCompilerABI.cpp.obj]
  ignore line: [/usr/bin/arm-none-eabi-g++   -fdiagnostics-color=always   -v -o CMakeFiles/cmTC_cac71.dir/CMakeCXXCompilerABI.cpp.obj -c /usr/share/cmake/Modules/CMakeCXXCompilerABI.cpp]
  ignore line: [Using built-in specs.]
  ignore line: [COLLECT_GCC=/usr/bin/arm-none-eabi-g++]
  ignore line: [Target: arm-none-eabi]
  ignore line: [Configured with: /data/jenkins/workspace/GNU-toolchain/arm-12/src/gcc/configure --target=arm-none-eabi --prefix=/data/jenkins/workspace/GNU-toolchain/arm-12/build-arm-none-eabi/install --with-gmp=/data/jenkins/workspace/GNU-toolchain/arm-12/build-arm-none-eabi/host-tools --with-mpfr=/data/jenkins/workspace/GNU-toolchain/arm-12/build-arm-none-eabi/host-tools --with-mpc=/data/jenkins/workspace/GNU-toolchain/arm-12/build-arm-none-eabi/host-tools --with-isl=/data/jenkins/workspace/GNU-toolchain/arm-12/build-arm-none-eabi/host-tools --disable-shared --disable-nls --disable-threads --disable-tls --enable-checking=release --enable-languages=c,c++,fortran --with-newlib --with-gnu-as --with-gnu-ld --with-sysroot=/data/jenkins/workspace/GNU-toolchain/arm-12/build-arm-none-eabi/install/arm-none-eabi --with-multilib-list=aprofile,rmprofile --with-pkgversion='Arm GNU Toolchain 12.2.Rel1 (Build arm-12.24)' --with-bugurl=https://bugs.linaro.org/]
  ignore line: [Thread model: single]
  ignore line: [Supported LTO compression algorithms: zlib]
  ignore line: [gcc version 12.2.1 20221205 (Arm GNU Toolchain 12.2.Rel1 (Build arm-12.24)) ]
  ignore line: [COLLECT_GCC_OPTIONS='-fdiagnostics-color=always' '-v' '-o' 'CMakeFiles/cmTC_cac71.dir/CMakeCXXCompilerABI.cpp.obj' '-c' '-mcpu=arm7tdmi' '-mfloat-abi=soft' '-marm' '-mlibarch=armv4t' '-march=armv4t' '-dumpdir' 'CMakeFiles/cmTC_cac71.dir/']
  ignore line: [ /usr/bin/../libexec/gcc/arm-none-eabi/12.2.1/cc1plus -quiet -v -iprefix /usr/bin/../lib/gcc/arm-none-eabi/12.2.1/ -isysroot /usr/bin/../arm-none-eabi -D__USES_INITFINI__ /usr/share/cmake/Modules/CMakeCXXCompilerABI.cpp -quiet -dumpdir CMakeFiles/cmTC_cac71.dir/ -dumpbase CMakeCXXCompilerABI.cpp.cpp -dumpbase-ext .cpp -mcpu=arm7tdmi -mfloat-abi=soft -marm -mlibarch=armv4t -march=armv4t -version -fdiagnostics-color=always -o /tmp/cc9LfFyw.s]
  ignore line: [GNU C++17 (Arm GNU Toolchain 12.2.Rel1 (Build arm-12.24)) version 12.2.1 20221205 (arm-none-eabi)]
  ignore line: [	compiled by GNU C version 4.8.5 20150623 (Red Hat 4.8.5-44)  GMP version 6.2.1  MPFR version 3.1.6  MPC version 1.0.3  isl version isl-0.15-1-g835ea3a-GMP]
  ignore line: []
  ignore line: [GGC heuristics: --param ggc-min-expand=100 --param ggc-min-heapsize=131072]
  ignore line: [ignoring duplicate directory "/usr/bin/../lib/gcc/../../lib/gcc/arm-none-eabi/12.2.1/../../../../arm-none-eabi/include/c++/12.2.1"]
  ignore line: [ignoring duplicate directory "/usr/bin/../lib/gcc/../../lib/gcc/arm-none-eabi/12.2.1/../../../../arm-none-eabi/include/c++/12.2.1/arm-none-eabi"]
  ignore line: [ignoring duplicate directory "/usr/bin/../lib/gcc/../../lib/gcc/arm-none-eabi/12.2.1/../../../../arm-none-eabi/include/c++/12.2.1/backward"]
  ignore line: [ignoring duplicate directory "/usr/bin/../lib/gcc/../../lib/gcc/arm-none-eabi/12.2.1/include"]
  ignore line: [ignoring nonexistent directory "/usr/bin/../arm-none-eabi/usr/local/include"]
  ignore line: [ignoring duplicate directory "/usr/bin/../lib/gcc/../../lib/gcc/arm-none-eabi/12.2.1/include-fixed"]
  ignore line: [ignoring duplicate directory "/usr/bin/../lib/gcc/../../lib/gcc/arm-none-eabi/12.2.1/../../../../arm-none-eabi/include"]
  ignore line: [ignoring nonexistent directory "/usr/bin/../arm-none-eabi/usr/include"]
  ignore line: [#include "..." search starts here:]
  ignore line: [#include <...> search starts here:]
  ignore line: [ /usr/bin/../lib/gcc/arm-none-eabi/12.2.1/../../../../arm-none-eabi/include/c++/12.2.1]
  ignore line: [ /usr/bin/../lib/gcc/arm-none-eabi/12.2.1/../../../../arm-none-eabi/include/c++/12.2.1/arm-none-eabi]
  ignore line: [ /usr/bin/../lib/gcc/arm-none-eabi/12.2.1/../../../../arm-none-eabi/include/c++/12.2.1/backward]
  ignore line: [ /usr/bin/../lib/gcc/arm-none-eabi/12.2.1/include]
  ignore line: [ /usr/bin/../lib/gcc/arm-none-eabi/12.2.1/include-fixed]
  ignore line: [ /usr/bin/../lib/gcc/arm-none-eabi/12.2.1/../../../../arm-none-eabi/include]
  ignore line: [End of search list.]
  ignore line: [GNU C++17 (Arm GNU Toolchain 12.2.Rel1 (Build arm-12.24)) version 12.2.1 20221205 (arm-none-eabi)]
  ignore line: [	compiled by GNU C version 4.8.5 20150623 (Red Hat 4.8.5-44)  GMP version 6.2.1  MPFR version 3.1.6  MPC version 1.0.3  isl version isl-0.15-1-g835ea3a-GMP]
  ignore line: []
  ignore line: [GGC heuristics: --param ggc-min-expand=100 --param ggc-min-heapsize=131072]
  ignore line: [Compiler executable checksum: 1739522f0a9e455162f7f995fd318a21]
  ignore line: [COLLECT_GCC_OPTIONS='-fdiagnostics-color=always' '-v' '-o' 'CMakeFiles/cmTC_cac71.dir/CMakeCXXCompilerABI.cpp.obj' '-c' '-mcpu=arm7tdmi' '-mfloat-abi=soft' '-marm' '-mlibarch=armv4t' '-march=armv4t' '-dumpdir' 'CMakeFiles/cmTC_cac71.dir/']
  ignore line: [ /usr/bin/../lib/gcc/arm-none-eabi/12.2.1/../../../../arm-none-eabi/bin/as -v -march=armv4t -mfloat-abi=soft -meabi=5 -o CMakeFiles/cmTC_cac71.dir/CMakeCXXCompilerABI.cpp.obj /tmp/cc9LfFyw.s]
  ignore line: [GNU assembler version 2.39.0 (arm-none-eabi) using BFD version (Arm GNU Toolchain 12.2.Rel1 (Build arm-12.24)) 2.39.0.20221210]
  ignore line: [COMPILER_PATH=/usr/bin/../libexec/gcc/arm-none-eabi/12.2.1/:/usr/bin/../libexec/gcc/:/usr/bin/../lib/gcc/arm-none-eabi/12.2.1/../../../../arm-none-eabi/bin/]
  ignore line: [LIBRARY_PATH=/usr/bin/../lib/gcc/arm-none-eabi/12.2.1/:/usr/bin/../lib/gcc/:/usr/bin/../lib/gcc/arm-none-eabi/12.2.1/../../../../arm-none-eabi/lib/:/usr/bin/../arm-none-eabi/lib/]
  ignore line: [COLLECT_GCC_OPTIONS='-fdiagnostics-color=always' '-v' '-o' 'CMakeFiles/cmTC_cac71.dir/CMakeCXXCompilerABI.cpp.obj' '-c' '-mcpu=arm7tdmi' '-mfloat-abi=soft' '-marm' '-mlibarch=armv4t' '-march=armv4t' '-dumpdir' 'CMakeFiles/cmTC_cac71.dir/CMakeCXXCompilerABI.cpp.']
  ignore line: [Linking CXX static library libcmTC_cac71.a]
  ignore line: [/usr/bin/cmake -P CMakeFiles/cmTC_cac71.dir/cmake_clean_target.cmake]
  ignore line: [/usr/bin/cmake -E cmake_link_script CMakeFiles/cmTC_cac71.dir/link.txt --verbose=1]
  ignore line: [arm-none-eabi-ar qc libcmTC_cac71.a CMakeFiles/cmTC_cac71.dir/CMakeCXXCompilerABI.cpp.obj]
  ignore line: [/usr/bin/arm-none-eabi-ranlib libcmTC_cac71.a]
  ignore line: [make[1]: Leaving directory '/home/zychlix/MiaCanNyaa/cmake-build-debug/CMakeFiles/CMakeScratch/TryCompile-KBoJgW']
  ignore line: []
  ignore line: []
  implicit libs: []
  implicit objs: []
  implicit dirs: []
  implicit fwks: []


